<?xml version="1.0" encoding="UTF-8"?>
<!-- Generated by org.testng.reporters.JUnitXMLReporter -->
<testsuite ignored="0" hostname="DESKTOP-A0CUFSI" failures="0" tests="1" name="Test" time="74.53" errors="0" timestamp="2022-10-12T17:13:02 IST">
  <testcase classname="com_crm_generic_utilities.BaseClass" name="@BeforeClass bc" time="74.333">
    <failure type="org.openqa.selenium.WebDriverException" message="chrome not reachable
Build info: version: &amp;apos;3.141.59&amp;apos;, revision: &amp;apos;e82be7d358&amp;apos;, time: &amp;apos;2018-11-14T08:17:03&amp;apos;
System info: host: &amp;apos;DESKTOP-A0CUFSI&amp;apos;, ip: &amp;apos;192.168.43.116&amp;apos;, os.name: &amp;apos;Windows 10&amp;apos;, os.arch: &amp;apos;amd64&amp;apos;, os.version: &amp;apos;10.0&amp;apos;, java.version: &amp;apos;17.0.4.1&amp;apos;
Driver info: driver.version: ChromeDriver
remote stacktrace: Backtrace:
	Ordinal0 [0x00411ED3+2236115]
	Ordinal0 [0x003A92F1+1807089]
	Ordinal0 [0x002B65C0+812480]
	Ordinal0 [0x002AC08A+770186]
	Ordinal0 [0x002D860E+951822]
	Ordinal0 [0x002D4200+934400]
	Ordinal0 [0x002D19C9+924105]
	Ordinal0 [0x0030806C+1146988]
	Ordinal0 [0x00307A6A+1145450]
	Ordinal0 [0x003018A6+1120422]
	Ordinal0 [0x002DA73D+960317]
	Ordinal0 [0x002DB71F+964383]
	GetHandleVerifier [0x006BE7E2+2743074]
	GetHandleVerifier [0x006B08D4+2685972]
	GetHandleVerifier [0x004A2BAA+532202]
	GetHandleVerifier [0x004A1990+527568]
	Ordinal0 [0x003B080C+1837068]
	Ordinal0 [0x003B4CD8+1854680]
	Ordinal0 [0x003B4DC5+1854917]
	Ordinal0 [0x003BED64+1895780]
	BaseThreadInitThunk [0x7612FA29+25]
	RtlGetAppContainerNamedObjectPath [0x772E7A9E+286]
	RtlGetAppContainerNamedObjectPath [0x772E7A6E+238]
">
      <![CDATA[org.openqa.selenium.WebDriverException: chrome not reachable
Build info: version: '3.141.59', revision: 'e82be7d358', time: '2018-11-14T08:17:03'
System info: host: 'DESKTOP-A0CUFSI', ip: '192.168.43.116', os.name: 'Windows 10', os.arch: 'amd64', os.version: '10.0', java.version: '17.0.4.1'
Driver info: driver.version: ChromeDriver
remote stacktrace: Backtrace:
Ordinal0 [0x00411ED3+2236115]
Ordinal0 [0x003A92F1+1807089]
Ordinal0 [0x002B65C0+812480]
Ordinal0 [0x002AC08A+770186]
Ordinal0 [0x002D860E+951822]
Ordinal0 [0x002D4200+934400]
Ordinal0 [0x002D19C9+924105]
Ordinal0 [0x0030806C+1146988]
Ordinal0 [0x00307A6A+1145450]
Ordinal0 [0x003018A6+1120422]
Ordinal0 [0x002DA73D+960317]
Ordinal0 [0x002DB71F+964383]
GetHandleVerifier [0x006BE7E2+2743074]
GetHandleVerifier [0x006B08D4+2685972]
GetHandleVerifier [0x004A2BAA+532202]
GetHandleVerifier [0x004A1990+527568]
Ordinal0 [0x003B080C+1837068]
Ordinal0 [0x003B4CD8+1854680]
Ordinal0 [0x003B4DC5+1854917]
Ordinal0 [0x003BED64+1895780]
BaseThreadInitThunk [0x7612FA29+25]
RtlGetAppContainerNamedObjectPath [0x772E7A9E+286]
RtlGetAppContainerNamedObjectPath [0x772E7A6E+238]

at org.openqa.selenium.remote.W3CHandshakeResponse.lambda$errorHandler$0(W3CHandshakeResponse.java:62)
at org.openqa.selenium.remote.HandshakeResponse.lambda$getResponseFunction$0(HandshakeResponse.java:30)
at org.openqa.selenium.remote.ProtocolHandshake.lambda$createSession$0(ProtocolHandshake.java:126)
at java.base/java.util.stream.ReferencePipeline$3$1.accept(ReferencePipeline.java:197)
at java.base/java.util.Spliterators$ArraySpliterator.tryAdvance(Spliterators.java:1002)
at java.base/java.util.stream.ReferencePipeline.forEachWithCancel(ReferencePipeline.java:129)
at java.base/java.util.stream.AbstractPipeline.copyIntoWithCancel(AbstractPipeline.java:527)
at java.base/java.util.stream.AbstractPipeline.copyInto(AbstractPipeline.java:513)
at java.base/java.util.stream.AbstractPipeline.wrapAndCopyInto(AbstractPipeline.java:499)
at java.base/java.util.stream.FindOps$FindOp.evaluateSequential(FindOps.java:150)
at java.base/java.util.stream.AbstractPipeline.evaluate(AbstractPipeline.java:234)
at java.base/java.util.stream.ReferencePipeline.findFirst(ReferencePipeline.java:647)
at org.openqa.selenium.remote.ProtocolHandshake.createSession(ProtocolHandshake.java:128)
at org.openqa.selenium.remote.ProtocolHandshake.createSession(ProtocolHandshake.java:74)
at org.openqa.selenium.remote.HttpCommandExecutor.execute(HttpCommandExecutor.java:136)
at org.openqa.selenium.remote.service.DriverCommandExecutor.execute(DriverCommandExecutor.java:83)
at org.openqa.selenium.remote.RemoteWebDriver.execute(RemoteWebDriver.java:552)
at org.openqa.selenium.remote.RemoteWebDriver.startSession(RemoteWebDriver.java:213)
at org.openqa.selenium.remote.RemoteWebDriver.<init>(RemoteWebDriver.java:131)
at org.openqa.selenium.chrome.ChromeDriver.<init>(ChromeDriver.java:181)
at org.openqa.selenium.chrome.ChromeDriver.<init>(ChromeDriver.java:168)
at org.openqa.selenium.chrome.ChromeDriver.<init>(ChromeDriver.java:123)
at com_crm_generic_utilities.BaseClass.bc(BaseClass.java:45)
at java.base/java.util.ArrayList.forEach(ArrayList.java:1511)
... Removed 30 stack frames]]>
    </failure>
  </testcase> <!-- @BeforeClass bc -->
  <testcase classname="com_crm_generic_utilities.BaseClass" name="@BeforeMethod bm" time="-1.665574981882E9">
    <skipped/>
  </testcase> <!-- @BeforeMethod bm -->
  <testcase classname="com_crm_generic_utilities.BaseClass" name="@AfterMethod am" time="-1.6655749819E9">
    <skipped/>
  </testcase> <!-- @AfterMethod am -->
  <testcase classname="com_crm_generic_utilities.BaseClass" name="@AfterClass ac" time="-1.665574981905E9">
    <skipped/>
  </testcase> <!-- @AfterClass ac -->
  <testcase classname="organization.CreateorganizationTest" name="createorganizationTest" time="0.0">
    <skipped/>
  </testcase> <!-- createorganizationTest -->
</testsuite> <!-- Test -->
